[debug] [2020-05-25T05:04:33.629Z] ----------------------------------------------------------------------
[debug] [2020-05-25T05:04:33.632Z] Command:       D:\nodejs\node.exe C:\Users\hamza\AppData\Roaming\npm\node_modules\firebase-tools\lib\bin\firebase.js deploy
[debug] [2020-05-25T05:04:33.632Z] CLI Version:   8.4.0
[debug] [2020-05-25T05:04:33.632Z] Platform:      win32
[debug] [2020-05-25T05:04:33.632Z] Node Version:  v10.16.3
[debug] [2020-05-25T05:04:33.633Z] Time:          Sun May 24 2020 22:04:33 GMT-0700 (Pacific Daylight Time)
[debug] [2020-05-25T05:04:33.633Z] ----------------------------------------------------------------------
[debug] [2020-05-25T05:04:33.633Z] 
[debug] [2020-05-25T05:04:33.643Z] > command requires scopes: ["email","openid","https://www.googleapis.com/auth/cloudplatformprojects.readonly","https://www.googleapis.com/auth/firebase","https://www.googleapis.com/auth/cloud-platform"]
[debug] [2020-05-25T05:04:33.643Z] > authorizing via signed-in user
[debug] [2020-05-25T05:04:33.643Z] [iam] checking project rgarden-a7062 for permissions ["firebase.projects.get","firebasehosting.sites.update"]
[debug] [2020-05-25T05:04:33.647Z] >>> HTTP REQUEST POST https://cloudresourcemanager.googleapis.com/v1/projects/rgarden-a7062:testIamPermissions  
 {"permissions":["firebase.projects.get","firebasehosting.sites.update"]}
[debug] [2020-05-25T05:04:34.036Z] <<< HTTP RESPONSE 200 {"content-type":"application/json; charset=UTF-8","vary":"X-Origin, Referer, Origin,Accept-Encoding","date":"Mon, 25 May 2020 05:04:32 GMT","server":"ESF","cache-control":"private","x-xss-protection":"0","x-frame-options":"SAMEORIGIN","x-content-type-options":"nosniff","server-timing":"gfet4t7; dur=213","alt-svc":"h3-27=\":443\"; ma=2592000,h3-25=\":443\"; ma=2592000,h3-T050=\":443\"; ma=2592000,h3-Q050=\":443\"; ma=2592000,h3-Q049=\":443\"; ma=2592000,h3-Q048=\":443\"; ma=2592000,h3-Q046=\":443\"; ma=2592000,h3-Q043=\":443\"; ma=2592000,quic=\":443\"; ma=2592000; v=\"46,43\"","accept-ranges":"none","transfer-encoding":"chunked"}
[debug] [2020-05-25T05:04:34.039Z] >>> HTTP REQUEST GET https://firebase.googleapis.com/v1beta1/projects/rgarden-a7062  
 
[debug] [2020-05-25T05:04:34.302Z] <<< HTTP RESPONSE 200 {"content-type":"application/json; charset=UTF-8","vary":"X-Origin, Referer, Origin,Accept-Encoding","date":"Mon, 25 May 2020 05:04:33 GMT","server":"ESF","cache-control":"private","x-xss-protection":"0","x-frame-options":"SAMEORIGIN","x-content-type-options":"nosniff","alt-svc":"h3-27=\":443\"; ma=2592000,h3-25=\":443\"; ma=2592000,h3-T050=\":443\"; ma=2592000,h3-Q050=\":443\"; ma=2592000,h3-Q049=\":443\"; ma=2592000,h3-Q048=\":443\"; ma=2592000,h3-Q046=\":443\"; ma=2592000,h3-Q043=\":443\"; ma=2592000,quic=\":443\"; ma=2592000; v=\"46,43\"","accept-ranges":"none","transfer-encoding":"chunked"}
[info] 
[info] === Deploying to 'rgarden-a7062'...
[info] 
[info] i  deploying hosting 
[debug] [2020-05-25T05:04:34.306Z] >>> HTTP REQUEST POST https://firebasehosting.googleapis.com/v1beta1/sites/rgarden-a7062/versions  
 {"config":{"rewrites":[{"glob":"**","path":"/index.html"}]},"labels":{"deployment-tool":"cli-firebase"}}
